ERROR - 2022-01-10 07:13:53 --> Unknown column 'Name' in 'field list'
CRITICAL - 2022-01-10 07:13:53 --> Unknown column 'Name' in 'field list'
#0 D:\Program Files\xamp\htdocs\WE_Lokal\system\Database\MySQLi\Connection.php(292): mysqli->query('SELECT Name FRO...', 0)
#1 D:\Program Files\xamp\htdocs\WE_Lokal\system\Database\BaseConnection.php(670): CodeIgniter\Database\MySQLi\Connection->execute('SELECT Name FRO...')
#2 D:\Program Files\xamp\htdocs\WE_Lokal\system\Database\BaseConnection.php(598): CodeIgniter\Database\BaseConnection->simpleQuery('SELECT Name FRO...')
#3 D:\Program Files\xamp\htdocs\WE_Lokal\app\Models\PersonenModel.php(11): CodeIgniter\Database\BaseConnection->query('SELECT Name FRO...')
#4 D:\Program Files\xamp\htdocs\WE_Lokal\app\Controllers\Personen.php(13): App\Models\PersonenModel->getAll()
#5 D:\Program Files\xamp\htdocs\WE_Lokal\system\CodeIgniter.php(824): App\Controllers\Personen->index()
#6 D:\Program Files\xamp\htdocs\WE_Lokal\system\CodeIgniter.php(410): CodeIgniter\CodeIgniter->runController(Object(App\Controllers\Personen))
#7 D:\Program Files\xamp\htdocs\WE_Lokal\system\CodeIgniter.php(318): CodeIgniter\CodeIgniter->handleRequest(NULL, Object(Config\Cache), false)
#8 D:\Program Files\xamp\htdocs\WE_Lokal\public\index.php(42): CodeIgniter\CodeIgniter->run()
#9 {main}
ERROR - 2022-01-10 07:13:54 --> Unknown column 'Name' in 'field list'
CRITICAL - 2022-01-10 07:13:54 --> Unknown column 'Name' in 'field list'
#0 D:\Program Files\xamp\htdocs\WE_Lokal\system\Database\MySQLi\Connection.php(292): mysqli->query('SELECT Name FRO...', 0)
#1 D:\Program Files\xamp\htdocs\WE_Lokal\system\Database\BaseConnection.php(670): CodeIgniter\Database\MySQLi\Connection->execute('SELECT Name FRO...')
#2 D:\Program Files\xamp\htdocs\WE_Lokal\system\Database\BaseConnection.php(598): CodeIgniter\Database\BaseConnection->simpleQuery('SELECT Name FRO...')
#3 D:\Program Files\xamp\htdocs\WE_Lokal\app\Models\PersonenModel.php(11): CodeIgniter\Database\BaseConnection->query('SELECT Name FRO...')
#4 D:\Program Files\xamp\htdocs\WE_Lokal\app\Controllers\Personen.php(13): App\Models\PersonenModel->getAll()
#5 D:\Program Files\xamp\htdocs\WE_Lokal\system\CodeIgniter.php(824): App\Controllers\Personen->index()
#6 D:\Program Files\xamp\htdocs\WE_Lokal\system\CodeIgniter.php(410): CodeIgniter\CodeIgniter->runController(Object(App\Controllers\Personen))
#7 D:\Program Files\xamp\htdocs\WE_Lokal\system\CodeIgniter.php(318): CodeIgniter\CodeIgniter->handleRequest(NULL, Object(Config\Cache), false)
#8 D:\Program Files\xamp\htdocs\WE_Lokal\public\index.php(42): CodeIgniter\CodeIgniter->run()
#9 {main}
CRITICAL - 2022-01-10 08:04:32 --> Call to undefined function form_open()
#0 D:\Program Files\xamp\htdocs\WE_Lokal\system\View\View.php(214): include()
#1 D:\Program Files\xamp\htdocs\WE_Lokal\system\View\View.php(217): CodeIgniter\View\View->CodeIgniter\View\{closure}()
#2 D:\Program Files\xamp\htdocs\WE_Lokal\system\Common.php(1097): CodeIgniter\View\View->render('Login', Array, true)
#3 D:\Program Files\xamp\htdocs\WE_Lokal\app\Controllers\Login.php(24): view('Login')
#4 D:\Program Files\xamp\htdocs\WE_Lokal\system\CodeIgniter.php(824): App\Controllers\Login->index()
#5 D:\Program Files\xamp\htdocs\WE_Lokal\system\CodeIgniter.php(410): CodeIgniter\CodeIgniter->runController(Object(App\Controllers\Login))
#6 D:\Program Files\xamp\htdocs\WE_Lokal\system\CodeIgniter.php(318): CodeIgniter\CodeIgniter->handleRequest(NULL, Object(Config\Cache), false)
#7 D:\Program Files\xamp\htdocs\WE_Lokal\public\index.php(42): CodeIgniter\CodeIgniter->run()
#8 {main}
CRITICAL - 2022-01-10 08:08:35 --> Call to undefined function form_open()
#0 D:\Program Files\xamp\htdocs\WE_Lokal\system\View\View.php(214): include()
#1 D:\Program Files\xamp\htdocs\WE_Lokal\system\View\View.php(217): CodeIgniter\View\View->CodeIgniter\View\{closure}()
#2 D:\Program Files\xamp\htdocs\WE_Lokal\system\Common.php(1097): CodeIgniter\View\View->render('Login', Array, true)
#3 D:\Program Files\xamp\htdocs\WE_Lokal\app\Controllers\Login.php(24): view('Login')
#4 D:\Program Files\xamp\htdocs\WE_Lokal\system\CodeIgniter.php(824): App\Controllers\Login->index()
#5 D:\Program Files\xamp\htdocs\WE_Lokal\system\CodeIgniter.php(410): CodeIgniter\CodeIgniter->runController(Object(App\Controllers\Login))
#6 D:\Program Files\xamp\htdocs\WE_Lokal\system\CodeIgniter.php(318): CodeIgniter\CodeIgniter->handleRequest(NULL, Object(Config\Cache), false)
#7 D:\Program Files\xamp\htdocs\WE_Lokal\public\index.php(42): CodeIgniter\CodeIgniter->run()
#8 {main}
CRITICAL - 2022-01-10 08:09:36 --> Call to undefined function form_open()
#0 D:\Program Files\xamp\htdocs\WE_Lokal\system\View\View.php(214): include()
#1 D:\Program Files\xamp\htdocs\WE_Lokal\system\View\View.php(217): CodeIgniter\View\View->CodeIgniter\View\{closure}()
#2 D:\Program Files\xamp\htdocs\WE_Lokal\system\Common.php(1097): CodeIgniter\View\View->render('Login', Array, true)
#3 D:\Program Files\xamp\htdocs\WE_Lokal\app\Controllers\Login.php(24): view('Login')
#4 D:\Program Files\xamp\htdocs\WE_Lokal\system\CodeIgniter.php(824): App\Controllers\Login->index()
#5 D:\Program Files\xamp\htdocs\WE_Lokal\system\CodeIgniter.php(410): CodeIgniter\CodeIgniter->runController(Object(App\Controllers\Login))
#6 D:\Program Files\xamp\htdocs\WE_Lokal\system\CodeIgniter.php(318): CodeIgniter\CodeIgniter->handleRequest(NULL, Object(Config\Cache), false)
#7 D:\Program Files\xamp\htdocs\WE_Lokal\public\index.php(42): CodeIgniter\CodeIgniter->run()
#8 {main}
CRITICAL - 2022-01-10 08:11:00 --> Call to undefined function form_open()
#0 D:\Program Files\xamp\htdocs\WE_Lokal\system\View\View.php(214): include()
#1 D:\Program Files\xamp\htdocs\WE_Lokal\system\View\View.php(217): CodeIgniter\View\View->CodeIgniter\View\{closure}()
#2 D:\Program Files\xamp\htdocs\WE_Lokal\system\Common.php(1097): CodeIgniter\View\View->render('Login', Array, true)
#3 D:\Program Files\xamp\htdocs\WE_Lokal\app\Controllers\Login.php(24): view('Login')
#4 D:\Program Files\xamp\htdocs\WE_Lokal\system\CodeIgniter.php(824): App\Controllers\Login->index()
#5 D:\Program Files\xamp\htdocs\WE_Lokal\system\CodeIgniter.php(410): CodeIgniter\CodeIgniter->runController(Object(App\Controllers\Login))
#6 D:\Program Files\xamp\htdocs\WE_Lokal\system\CodeIgniter.php(318): CodeIgniter\CodeIgniter->handleRequest(NULL, Object(Config\Cache), false)
#7 D:\Program Files\xamp\htdocs\WE_Lokal\public\index.php(42): CodeIgniter\CodeIgniter->run()
#8 {main}
CRITICAL - 2022-01-10 08:11:55 --> Call to undefined function form_open()
#0 D:\Program Files\xamp\htdocs\WE_Lokal\system\View\View.php(214): include()
#1 D:\Program Files\xamp\htdocs\WE_Lokal\system\View\View.php(217): CodeIgniter\View\View->CodeIgniter\View\{closure}()
#2 D:\Program Files\xamp\htdocs\WE_Lokal\system\Common.php(1097): CodeIgniter\View\View->render('Login', Array, true)
#3 D:\Program Files\xamp\htdocs\WE_Lokal\app\Controllers\Login.php(24): view('Login')
#4 D:\Program Files\xamp\htdocs\WE_Lokal\system\CodeIgniter.php(824): App\Controllers\Login->index()
#5 D:\Program Files\xamp\htdocs\WE_Lokal\system\CodeIgniter.php(410): CodeIgniter\CodeIgniter->runController(Object(App\Controllers\Login))
#6 D:\Program Files\xamp\htdocs\WE_Lokal\system\CodeIgniter.php(318): CodeIgniter\CodeIgniter->handleRequest(NULL, Object(Config\Cache), false)
#7 D:\Program Files\xamp\htdocs\WE_Lokal\public\index.php(42): CodeIgniter\CodeIgniter->run()
#8 {main}
CRITICAL - 2022-01-10 08:18:58 --> Call to undefined function form_open()
#0 D:\Program Files\xamp\htdocs\WE_Lokal\system\View\View.php(214): include()
#1 D:\Program Files\xamp\htdocs\WE_Lokal\system\View\View.php(217): CodeIgniter\View\View->CodeIgniter\View\{closure}()
#2 D:\Program Files\xamp\htdocs\WE_Lokal\system\Common.php(1097): CodeIgniter\View\View->render('Login', Array, true)
#3 D:\Program Files\xamp\htdocs\WE_Lokal\app\Controllers\Login.php(28): view('Login')
#4 D:\Program Files\xamp\htdocs\WE_Lokal\system\CodeIgniter.php(824): App\Controllers\Login->index()
#5 D:\Program Files\xamp\htdocs\WE_Lokal\system\CodeIgniter.php(410): CodeIgniter\CodeIgniter->runController(Object(App\Controllers\Login))
#6 D:\Program Files\xamp\htdocs\WE_Lokal\system\CodeIgniter.php(318): CodeIgniter\CodeIgniter->handleRequest(NULL, Object(Config\Cache), false)
#7 D:\Program Files\xamp\htdocs\WE_Lokal\public\index.php(42): CodeIgniter\CodeIgniter->run()
#8 {main}
CRITICAL - 2022-01-10 08:20:50 --> Call to undefined function form_open()
#0 D:\Program Files\xamp\htdocs\WE_Lokal\system\View\View.php(214): include()
#1 D:\Program Files\xamp\htdocs\WE_Lokal\system\View\View.php(217): CodeIgniter\View\View->CodeIgniter\View\{closure}()
#2 D:\Program Files\xamp\htdocs\WE_Lokal\system\Common.php(1097): CodeIgniter\View\View->render('Login', Array, true)
#3 D:\Program Files\xamp\htdocs\WE_Lokal\app\Controllers\Login.php(28): view('Login')
#4 D:\Program Files\xamp\htdocs\WE_Lokal\system\CodeIgniter.php(824): App\Controllers\Login->index()
#5 D:\Program Files\xamp\htdocs\WE_Lokal\system\CodeIgniter.php(410): CodeIgniter\CodeIgniter->runController(Object(App\Controllers\Login))
#6 D:\Program Files\xamp\htdocs\WE_Lokal\system\CodeIgniter.php(318): CodeIgniter\CodeIgniter->handleRequest(NULL, Object(Config\Cache), false)
#7 D:\Program Files\xamp\htdocs\WE_Lokal\public\index.php(42): CodeIgniter\CodeIgniter->run()
#8 {main}
CRITICAL - 2022-01-10 08:23:57 --> Call to undefined function form_open()
#0 D:\Program Files\xamp\htdocs\WE_Lokal\system\View\View.php(214): include()
#1 D:\Program Files\xamp\htdocs\WE_Lokal\system\View\View.php(217): CodeIgniter\View\View->CodeIgniter\View\{closure}()
#2 D:\Program Files\xamp\htdocs\WE_Lokal\system\Common.php(1097): CodeIgniter\View\View->render('Login', Array, true)
#3 D:\Program Files\xamp\htdocs\WE_Lokal\app\Controllers\Login.php(28): view('Login')
#4 D:\Program Files\xamp\htdocs\WE_Lokal\system\CodeIgniter.php(824): App\Controllers\Login->index()
#5 D:\Program Files\xamp\htdocs\WE_Lokal\system\CodeIgniter.php(410): CodeIgniter\CodeIgniter->runController(Object(App\Controllers\Login))
#6 D:\Program Files\xamp\htdocs\WE_Lokal\system\CodeIgniter.php(318): CodeIgniter\CodeIgniter->handleRequest(NULL, Object(Config\Cache), false)
#7 D:\Program Files\xamp\htdocs\WE_Lokal\public\index.php(42): CodeIgniter\CodeIgniter->run()
#8 {main}
CRITICAL - 2022-01-10 08:25:57 --> Call to undefined function form_open()
#0 D:\Program Files\xamp\htdocs\WE_Lokal\system\View\View.php(214): include()
#1 D:\Program Files\xamp\htdocs\WE_Lokal\system\View\View.php(217): CodeIgniter\View\View->CodeIgniter\View\{closure}()
#2 D:\Program Files\xamp\htdocs\WE_Lokal\system\Common.php(1097): CodeIgniter\View\View->render('Login', Array, true)
#3 D:\Program Files\xamp\htdocs\WE_Lokal\app\Controllers\Login.php(28): view('Login')
#4 D:\Program Files\xamp\htdocs\WE_Lokal\system\CodeIgniter.php(824): App\Controllers\Login->index()
#5 D:\Program Files\xamp\htdocs\WE_Lokal\system\CodeIgniter.php(410): CodeIgniter\CodeIgniter->runController(Object(App\Controllers\Login))
#6 D:\Program Files\xamp\htdocs\WE_Lokal\system\CodeIgniter.php(318): CodeIgniter\CodeIgniter->handleRequest(NULL, Object(Config\Cache), false)
#7 D:\Program Files\xamp\htdocs\WE_Lokal\public\index.php(42): CodeIgniter\CodeIgniter->run()
#8 {main}
CRITICAL - 2022-01-10 08:28:39 --> Call to undefined function form_open()
#0 D:\Program Files\xamp\htdocs\WE_Lokal\system\View\View.php(214): include()
#1 D:\Program Files\xamp\htdocs\WE_Lokal\system\View\View.php(217): CodeIgniter\View\View->CodeIgniter\View\{closure}()
#2 D:\Program Files\xamp\htdocs\WE_Lokal\system\Common.php(1097): CodeIgniter\View\View->render('Login', Array, true)
#3 D:\Program Files\xamp\htdocs\WE_Lokal\app\Controllers\Login.php(28): view('Login')
#4 D:\Program Files\xamp\htdocs\WE_Lokal\system\CodeIgniter.php(824): App\Controllers\Login->index()
#5 D:\Program Files\xamp\htdocs\WE_Lokal\system\CodeIgniter.php(410): CodeIgniter\CodeIgniter->runController(Object(App\Controllers\Login))
#6 D:\Program Files\xamp\htdocs\WE_Lokal\system\CodeIgniter.php(318): CodeIgniter\CodeIgniter->handleRequest(NULL, Object(Config\Cache), false)
#7 D:\Program Files\xamp\htdocs\WE_Lokal\public\index.php(42): CodeIgniter\CodeIgniter->run()
#8 {main}
CRITICAL - 2022-01-10 08:43:08 --> Call to undefined function form_open()
#0 D:\Program Files\xamp\htdocs\WE_Lokal\system\View\View.php(214): include()
#1 D:\Program Files\xamp\htdocs\WE_Lokal\system\View\View.php(217): CodeIgniter\View\View->CodeIgniter\View\{closure}()
#2 D:\Program Files\xamp\htdocs\WE_Lokal\system\Common.php(1097): CodeIgniter\View\View->render('Login', Array, true)
#3 D:\Program Files\xamp\htdocs\WE_Lokal\app\Controllers\Login.php(28): view('Login')
#4 D:\Program Files\xamp\htdocs\WE_Lokal\system\CodeIgniter.php(824): App\Controllers\Login->index()
#5 D:\Program Files\xamp\htdocs\WE_Lokal\system\CodeIgniter.php(410): CodeIgniter\CodeIgniter->runController(Object(App\Controllers\Login))
#6 D:\Program Files\xamp\htdocs\WE_Lokal\system\CodeIgniter.php(318): CodeIgniter\CodeIgniter->handleRequest(NULL, Object(Config\Cache), false)
#7 D:\Program Files\xamp\htdocs\WE_Lokal\public\index.php(42): CodeIgniter\CodeIgniter->run()
#8 {main}
CRITICAL - 2022-01-10 08:45:39 --> Call to undefined function form_open()
#0 D:\Program Files\xamp\htdocs\WE_Lokal\system\View\View.php(214): include()
#1 D:\Program Files\xamp\htdocs\WE_Lokal\system\View\View.php(217): CodeIgniter\View\View->CodeIgniter\View\{closure}()
#2 D:\Program Files\xamp\htdocs\WE_Lokal\system\Common.php(1097): CodeIgniter\View\View->render('Login', Array, true)
#3 D:\Program Files\xamp\htdocs\WE_Lokal\app\Controllers\Login.php(28): view('Login')
#4 D:\Program Files\xamp\htdocs\WE_Lokal\system\CodeIgniter.php(824): App\Controllers\Login->index()
#5 D:\Program Files\xamp\htdocs\WE_Lokal\system\CodeIgniter.php(410): CodeIgniter\CodeIgniter->runController(Object(App\Controllers\Login))
#6 D:\Program Files\xamp\htdocs\WE_Lokal\system\CodeIgniter.php(318): CodeIgniter\CodeIgniter->handleRequest(NULL, Object(Config\Cache), false)
#7 D:\Program Files\xamp\htdocs\WE_Lokal\public\index.php(42): CodeIgniter\CodeIgniter->run()
#8 {main}
CRITICAL - 2022-01-10 08:53:44 --> Undefined property: App\Controllers\Login::$load
#0 D:\Program Files\xamp\htdocs\WE_Lokal\app\Controllers\Login.php(12): CodeIgniter\Debug\Exceptions->errorHandler(2, 'Undefined prope...', 'D:\\Program File...', 12)
#1 D:\Program Files\xamp\htdocs\WE_Lokal\system\CodeIgniter.php(801): App\Controllers\Login->__construct()
#2 D:\Program Files\xamp\htdocs\WE_Lokal\system\CodeIgniter.php(401): CodeIgniter\CodeIgniter->createController()
#3 D:\Program Files\xamp\htdocs\WE_Lokal\system\CodeIgniter.php(318): CodeIgniter\CodeIgniter->handleRequest(NULL, Object(Config\Cache), false)
#4 D:\Program Files\xamp\htdocs\WE_Lokal\public\index.php(42): CodeIgniter\CodeIgniter->run()
#5 {main}
CRITICAL - 2022-01-10 08:53:56 --> Undefined property: App\Controllers\Login::$load
#0 D:\Program Files\xamp\htdocs\WE_Lokal\app\Controllers\Login.php(27): CodeIgniter\Debug\Exceptions->errorHandler(2, 'Undefined prope...', 'D:\\Program File...', 27)
#1 D:\Program Files\xamp\htdocs\WE_Lokal\system\CodeIgniter.php(824): App\Controllers\Login->index()
#2 D:\Program Files\xamp\htdocs\WE_Lokal\system\CodeIgniter.php(410): CodeIgniter\CodeIgniter->runController(Object(App\Controllers\Login))
#3 D:\Program Files\xamp\htdocs\WE_Lokal\system\CodeIgniter.php(318): CodeIgniter\CodeIgniter->handleRequest(NULL, Object(Config\Cache), false)
#4 D:\Program Files\xamp\htdocs\WE_Lokal\public\index.php(42): CodeIgniter\CodeIgniter->run()
#5 {main}
CRITICAL - 2022-01-10 08:54:09 --> Call to undefined function form_open()
#0 D:\Program Files\xamp\htdocs\WE_Lokal\system\View\View.php(214): include()
#1 D:\Program Files\xamp\htdocs\WE_Lokal\system\View\View.php(217): CodeIgniter\View\View->CodeIgniter\View\{closure}()
#2 D:\Program Files\xamp\htdocs\WE_Lokal\system\Common.php(1097): CodeIgniter\View\View->render('Login', Array, true)
#3 D:\Program Files\xamp\htdocs\WE_Lokal\app\Controllers\Login.php(28): view('Login')
#4 D:\Program Files\xamp\htdocs\WE_Lokal\system\CodeIgniter.php(824): App\Controllers\Login->index()
#5 D:\Program Files\xamp\htdocs\WE_Lokal\system\CodeIgniter.php(410): CodeIgniter\CodeIgniter->runController(Object(App\Controllers\Login))
#6 D:\Program Files\xamp\htdocs\WE_Lokal\system\CodeIgniter.php(318): CodeIgniter\CodeIgniter->handleRequest(NULL, Object(Config\Cache), false)
#7 D:\Program Files\xamp\htdocs\WE_Lokal\public\index.php(42): CodeIgniter\CodeIgniter->run()
#8 {main}
CRITICAL - 2022-01-10 08:54:34 --> Call to undefined function form_open()
#0 D:\Program Files\xamp\htdocs\WE_Lokal\system\View\View.php(214): include()
#1 D:\Program Files\xamp\htdocs\WE_Lokal\system\View\View.php(217): CodeIgniter\View\View->CodeIgniter\View\{closure}()
#2 D:\Program Files\xamp\htdocs\WE_Lokal\system\Common.php(1097): CodeIgniter\View\View->render('Login', Array, true)
#3 D:\Program Files\xamp\htdocs\WE_Lokal\app\Controllers\Login.php(28): view('Login')
#4 D:\Program Files\xamp\htdocs\WE_Lokal\system\CodeIgniter.php(824): App\Controllers\Login->index()
#5 D:\Program Files\xamp\htdocs\WE_Lokal\system\CodeIgniter.php(410): CodeIgniter\CodeIgniter->runController(Object(App\Controllers\Login))
#6 D:\Program Files\xamp\htdocs\WE_Lokal\system\CodeIgniter.php(318): CodeIgniter\CodeIgniter->handleRequest(NULL, Object(Config\Cache), false)
#7 D:\Program Files\xamp\htdocs\WE_Lokal\public\index.php(42): CodeIgniter\CodeIgniter->run()
#8 {main}
CRITICAL - 2022-01-10 08:56:00 --> Call to undefined function form_open()
#0 D:\Program Files\xamp\htdocs\WE_Lokal\system\View\View.php(214): include()
#1 D:\Program Files\xamp\htdocs\WE_Lokal\system\View\View.php(217): CodeIgniter\View\View->CodeIgniter\View\{closure}()
#2 D:\Program Files\xamp\htdocs\WE_Lokal\system\Common.php(1097): CodeIgniter\View\View->render('Login', Array, true)
#3 D:\Program Files\xamp\htdocs\WE_Lokal\app\Controllers\Login.php(28): view('Login')
#4 D:\Program Files\xamp\htdocs\WE_Lokal\system\CodeIgniter.php(824): App\Controllers\Login->index()
#5 D:\Program Files\xamp\htdocs\WE_Lokal\system\CodeIgniter.php(410): CodeIgniter\CodeIgniter->runController(Object(App\Controllers\Login))
#6 D:\Program Files\xamp\htdocs\WE_Lokal\system\CodeIgniter.php(318): CodeIgniter\CodeIgniter->handleRequest(NULL, Object(Config\Cache), false)
#7 D:\Program Files\xamp\htdocs\WE_Lokal\public\index.php(42): CodeIgniter\CodeIgniter->run()
#8 {main}
CRITICAL - 2022-01-10 08:56:01 --> Call to undefined function form_open()
#0 D:\Program Files\xamp\htdocs\WE_Lokal\system\View\View.php(214): include()
#1 D:\Program Files\xamp\htdocs\WE_Lokal\system\View\View.php(217): CodeIgniter\View\View->CodeIgniter\View\{closure}()
#2 D:\Program Files\xamp\htdocs\WE_Lokal\system\Common.php(1097): CodeIgniter\View\View->render('Login', Array, true)
#3 D:\Program Files\xamp\htdocs\WE_Lokal\app\Controllers\Login.php(28): view('Login')
#4 D:\Program Files\xamp\htdocs\WE_Lokal\system\CodeIgniter.php(824): App\Controllers\Login->index()
#5 D:\Program Files\xamp\htdocs\WE_Lokal\system\CodeIgniter.php(410): CodeIgniter\CodeIgniter->runController(Object(App\Controllers\Login))
#6 D:\Program Files\xamp\htdocs\WE_Lokal\system\CodeIgniter.php(318): CodeIgniter\CodeIgniter->handleRequest(NULL, Object(Config\Cache), false)
#7 D:\Program Files\xamp\htdocs\WE_Lokal\public\index.php(42): CodeIgniter\CodeIgniter->run()
#8 {main}
